<?xml version="1.0" encoding="UTF-8"?>
<testng-results skipped="0" failed="0" total="1" passed="1">
  <reporter-output>
  </reporter-output>
  <suite name="Default suite" duration-ms="47412" started-at="2016-04-12T16:58:49Z" finished-at="2016-04-12T16:59:36Z">
    <groups>
    </groups>
    <test name="Default test" duration-ms="47412" started-at="2016-04-12T16:58:49Z" finished-at="2016-04-12T16:59:36Z">
      <class name="Test.Alert">
        <test-method status="PASS" signature="handleAlert()[pri:0, instance:Test.Alert@17b1517]" name="handleAlert" duration-ms="47358" started-at="2016-04-12T18:58:49Z" finished-at="2016-04-12T18:59:36Z">
          <reporter-output>
          </reporter-output>
        </test-method> <!-- handleAlert -->
      </class> <!-- Test.Alert -->
    </test> <!-- Default test -->
  </suite> <!-- Default suite -->
</testng-results>
